Performing C SOURCE FILE Test CMAKE_HAVE_LIBC_PTHREAD failed with the following output:
Change Dir: /home/nolan/Documents/CS5335/cs5335-nm/brain/build/CMakeFiles/CMakeTmp

Run Build Command(s):/usr/bin/make cmTC_ed414/fast && make[2]: Entering directory '/home/nolan/Documents/CS5335/cs5335-nm/brain/build/CMakeFiles/CMakeTmp'
/usr/bin/make -f CMakeFiles/cmTC_ed414.dir/build.make CMakeFiles/cmTC_ed414.dir/build
make[3]: Entering directory '/home/nolan/Documents/CS5335/cs5335-nm/brain/build/CMakeFiles/CMakeTmp'
Building C object CMakeFiles/cmTC_ed414.dir/src.c.o
/usr/bin/cc   -DCMAKE_HAVE_LIBC_PTHREAD   -o CMakeFiles/cmTC_ed414.dir/src.c.o   -c /home/nolan/Documents/CS5335/cs5335-nm/brain/build/CMakeFiles/CMakeTmp/src.c
Linking C executable cmTC_ed414
/usr/bin/cmake -E cmake_link_script CMakeFiles/cmTC_ed414.dir/link.txt --verbose=1
/usr/bin/cc  -DCMAKE_HAVE_LIBC_PTHREAD    -rdynamic CMakeFiles/cmTC_ed414.dir/src.c.o  -o cmTC_ed414 
/usr/bin/ld: CMakeFiles/cmTC_ed414.dir/src.c.o: in function `main':
src.c:(.text+0x46): undefined reference to `pthread_create'
/usr/bin/ld: src.c:(.text+0x52): undefined reference to `pthread_detach'
/usr/bin/ld: src.c:(.text+0x63): undefined reference to `pthread_join'
collect2: error: ld returned 1 exit status
make[3]: *** [CMakeFiles/cmTC_ed414.dir/build.make:87: cmTC_ed414] Error 1
make[3]: Leaving directory '/home/nolan/Documents/CS5335/cs5335-nm/brain/build/CMakeFiles/CMakeTmp'
make[2]: *** [Makefile:121: cmTC_ed414/fast] Error 2
make[2]: Leaving directory '/home/nolan/Documents/CS5335/cs5335-nm/brain/build/CMakeFiles/CMakeTmp'


Source file was:
#include <pthread.h>

void* test_func(void* data)
{
  return data;
}

int main(void)
{
  pthread_t thread;
  pthread_create(&thread, NULL, test_func, NULL);
  pthread_detach(thread);
  pthread_join(thread, NULL);
  pthread_atfork(NULL, NULL, NULL);
  pthread_exit(NULL);

  return 0;
}

Determining if the function pthread_create exists in the pthreads failed with the following output:
Change Dir: /home/nolan/Documents/CS5335/cs5335-nm/brain/build/CMakeFiles/CMakeTmp

Run Build Command(s):/usr/bin/make cmTC_57822/fast && make[2]: Entering directory '/home/nolan/Documents/CS5335/cs5335-nm/brain/build/CMakeFiles/CMakeTmp'
/usr/bin/make -f CMakeFiles/cmTC_57822.dir/build.make CMakeFiles/cmTC_57822.dir/build
make[3]: Entering directory '/home/nolan/Documents/CS5335/cs5335-nm/brain/build/CMakeFiles/CMakeTmp'
Building C object CMakeFiles/cmTC_57822.dir/CheckFunctionExists.c.o
/usr/bin/cc   -DCHECK_FUNCTION_EXISTS=pthread_create   -o CMakeFiles/cmTC_57822.dir/CheckFunctionExists.c.o   -c /usr/share/cmake-3.16/Modules/CheckFunctionExists.c
Linking C executable cmTC_57822
/usr/bin/cmake -E cmake_link_script CMakeFiles/cmTC_57822.dir/link.txt --verbose=1
/usr/bin/cc  -DCHECK_FUNCTION_EXISTS=pthread_create    -rdynamic CMakeFiles/cmTC_57822.dir/CheckFunctionExists.c.o  -o cmTC_57822  -lpthreads 
/usr/bin/ld: cannot find -lpthreads
collect2: error: ld returned 1 exit status
make[3]: *** [CMakeFiles/cmTC_57822.dir/build.make:87: cmTC_57822] Error 1
make[3]: Leaving directory '/home/nolan/Documents/CS5335/cs5335-nm/brain/build/CMakeFiles/CMakeTmp'
make[2]: *** [Makefile:121: cmTC_57822/fast] Error 2
make[2]: Leaving directory '/home/nolan/Documents/CS5335/cs5335-nm/brain/build/CMakeFiles/CMakeTmp'



